<?xml version="1.0" encoding="UTF-8" ?>
<testsuite tests="9" failures="0" name="com.tsg.menlopark.dao.CmsDaoTest" time="2.714" errors="0" skipped="0">
  <properties>
[...]
</properties>
  <testcase classname="com.tsg.menlopark.dao.CmsDaoTest" name="listsOfPosts" time="1.579"/>
  <testcase classname="com.tsg.menlopark.dao.CmsDaoTest" name="addPostTags" time="0.148"/>
  <testcase classname="com.tsg.menlopark.dao.CmsDaoTest" name="addGetUpdateDeleteTag" time="0.129"/>
  <testcase classname="com.tsg.menlopark.dao.CmsDaoTest" name="addGetDeletePagesTest" time="0.108"/>
  <testcase classname="com.tsg.menlopark.dao.CmsDaoTest" name="addGetUpdateDeleteCategory" time="0.138"/>
  <testcase classname="com.tsg.menlopark.dao.CmsDaoTest" name="updatePageTest" time="0.163"/>
  <testcase classname="com.tsg.menlopark.dao.CmsDaoTest" name="addGetUpdateDeletePost" time="0.151"/>
  <testcase classname="com.tsg.menlopark.dao.CmsDaoTest" name="addPostCategories" time="0.134"/>
  <testcase classname="com.tsg.menlopark.dao.CmsDaoTest" name="TEST_getAllPosts" time="0.164"/>
</testsuite>