<?xml version="1.0" encoding="UTF-8" ?>
<testsuite tests="3" failures="0" name="com.tsg.additionallabsstrings.StringReverseTest" time="0.067" errors="0" skipped="0">
  <properties>
[...]
</properties>
  <testcase classname="com.tsg.additionallabsstrings.StringReverseTest" name="StringReverseTest1" time="0.005"/>
  <testcase classname="com.tsg.additionallabsstrings.StringReverseTest" name="StringReverseTest2" time="0"/>
  <testcase classname="com.tsg.additionallabsstrings.StringReverseTest" name="StringReverseTest3" time="0"/>
</testsuite>